<?xml version="1.0" encoding="UTF-8"?>
<testsuites name="Built_In_Keywords_Test_suite_001" time="1.017" tests="1" failures="0" errors="0">
   <testsuite name="Built_In_Keywords_Test_suite_001" tests="1" failures="0" errors="0" time="1.017" skipped="0" timestamp="11-02-2024T12:29:38" hostname="HP - XGINEER.bbrouter" id="Test Suites/Built_In_Keywords_Test_Suite/Built_In_Keywords_Test_suite_001">
      <properties>
         <property name="deviceName" value=""/>
         <property name="devicePlatform" value=""/>
         <property name="logFolder" value="C:\\Users\\HP\\git\\SI-GuidedProject-706045-1707496855clone\\Reports\\20240211_122932\\Built_In_Keywords_Test_Suite\\Built_In_Keywords_Test_suite_001\\20240211_122932"/>
         <property name="logFiles" value="C:\\Users\\HP\\git\\SI-GuidedProject-706045-1707496855clone\\Reports\\20240211_122932\\Built_In_Keywords_Test_Suite\\Built_In_Keywords_Test_suite_001\\20240211_122932\\execution0.log"/>
         <property name="attachments" value=""/>
         <property name="hostName" value="HP - XGINEER.bbrouter"/>
         <property name="hostAddress" value="192.168.1.43"/>
         <property name="os" value="Windows 11 64bit"/>
         <property name="katalonVersion" value="9.1.0.212"/>
      </properties>
      <testcase name="Test Cases/Built_In_Keywords_Demo" time="0.481" classname="Test Cases/Built_In_Keywords_Demo" status="PASSED">
         <system-out><![CDATA[11-02-2024T12:29:39 - [TEST_CASE][PASSED] - Test Cases/Built_In_Keywords_Demo: Test Cases/Built_In_Keywords_Demo

11-02-2024T12:29:39 - [TEST_STEP][PASSED] - Start listener action : sampleBeforeTestCase: null

11-02-2024T12:29:39 - [TEST_STEP][PASSED] - println(testCaseContext.getTestCaseId()): null

11-02-2024T12:29:39 - [TEST_STEP][PASSED] - println(testCaseContext.getTestCaseVariables()): null

11-02-2024T12:29:39 - [TEST_STEP][PASSED] - Start listener action : sampleBeforeTestCase: null

11-02-2024T12:29:39 - [TEST_STEP][PASSED] - println(testCaseContext.getTestCaseId()): null

11-02-2024T12:29:39 - [TEST_STEP][PASSED] - println(testCaseContext.getTestCaseVariables()): null

11-02-2024T12:29:39 - [TEST_STEP][PASSED] - return null: null

11-02-2024T12:29:39 - [TEST_STEP][PASSED] - Start listener action : sampleAfterTestCase: null

11-02-2024T12:29:39 - [TEST_STEP][PASSED] - println(testCaseContext.getTestCaseId()): null

11-02-2024T12:29:39 - [TEST_STEP][PASSED] - println(testCaseContext.getTestCaseStatus()): null

11-02-2024T12:29:39 - [TEST_STEP][PASSED] - Start listener action : sampleAfterTestCase: null

11-02-2024T12:29:39 - [TEST_STEP][PASSED] - println(testCaseContext.getTestCaseId()): null

11-02-2024T12:29:39 - [TEST_STEP][PASSED] - println(testCaseContext.getTestCaseStatus()): null]]></system-out>
         <system-err><![CDATA[]]></system-err>
      </testcase>
      <system-out><![CDATA[11-02-2024T12:29:38 - [TEST_SUITE][PASSED] - Built_In_Keywords_Test_suite_001: Test Cases/Built_In_Keywords_Demo]]></system-out>
      <system-err><![CDATA[]]></system-err>
   </testsuite>
</testsuites>
